# JRE version: OpenJDK Runtime Environment (21.0.5) (build 21.0.5+-13047016-b750.29)
# Java VM: OpenJDK 64-Bit Server VM (21.0.5+-13047016-b750.29, mixed mode, tiered, compressed oops, compressed class ptrs, g1 gc, windows-amd64)
GC Precious Log:
 CardTable entry size: 512
 Card Set container configuration: InlinePtr #cards 5 size 8 Array Of Cards #cards 12 size 40 Howl #buckets 4 coarsen threshold 1843 Howl Bitmap #cards 512 size 80 coarsen threshold 460 Card regions per heap region 1 cards per card region 2048
 CPUs: 4 total, 4 available
 Memory: 7914M
 Large Page Support: Disabled
 NUMA Support: Disabled
 Compressed Oops: Enabled (32-bit)
 Heap Region Size: 1M
 Heap Min Capacity: 8M
 Heap Initial Capacity: 124M
 Heap Max Capacity: 1980M
 Pre-touch: Disabled
 Parallel Workers: 4
 Concurrent Workers: 1
 Concurrent Refinement Workers: 4
 Periodic GC: Disabled
Heap:
 garbage-first heap   total 188416K, used 131884K [0x0000000084400000, 0x0000000100000000)
  region size 1024K, 26 young (26624K), 6 survivors (6144K)
 Metaspace       used 90714K, committed 91584K, reserved 1179648K
  class space    used 9328K, committed 9792K, reserved 1048576K
GC Heap History (20 events):
Event: 41.695 GC heap before
{Heap before GC invocations=40 (full 0):
 garbage-first heap   total 140288K, used 121699K [0x0000000084400000, 0x0000000100000000)
  region size 1024K, 49 young (50176K), 7 survivors (7168K)
 Metaspace       used 61567K, committed 62336K, reserved 1114112K
  class space    used 6793K, committed 7168K, reserved 1048576K
}
Event: 41.708 GC heap after
{Heap after GC invocations=41 (full 0):
 garbage-first heap   total 140288K, used 82728K [0x0000000084400000, 0x0000000100000000)
  region size 1024K, 4 young (4096K), 4 survivors (4096K)
 Metaspace       used 61567K, committed 62336K, reserved 1114112K
  class space    used 6793K, committed 7168K, reserved 1048576K
}
Event: 45.876 GC heap before
{Heap before GC invocations=42 (full 0):
 garbage-first heap   total 140288K, used 125736K [0x0000000084400000, 0x0000000100000000)
  region size 1024K, 46 young (47104K), 4 survivors (4096K)
 Metaspace       used 65601K, committed 66368K, reserved 1114112K
  class space    used 7177K, committed 7552K, reserved 1048576K
}
Event: 45.886 GC heap after
{Heap after GC invocations=43 (full 0):
 garbage-first heap   total 140288K, used 83534K [0x0000000084400000, 0x0000000100000000)
  region size 1024K, 3 young (3072K), 3 survivors (3072K)
 Metaspace       used 65601K, committed 66368K, reserved 1114112K
  class space    used 7177K, committed 7552K, reserved 1048576K
}
Event: 47.490 GC heap before
{Heap before GC invocations=43 (full 0):
 garbage-first heap   total 140288K, used 127566K [0x0000000084400000, 0x0000000100000000)
  region size 1024K, 46 young (47104K), 3 survivors (3072K)
 Metaspace       used 71687K, committed 72512K, reserved 1114112K
  class space    used 7788K, committed 8192K, reserved 1048576K
}
Event: 47.502 GC heap after
{Heap after GC invocations=44 (full 0):
 garbage-first heap   total 140288K, used 88064K [0x0000000084400000, 0x0000000100000000)
  region size 1024K, 6 young (6144K), 6 survivors (6144K)
 Metaspace       used 71687K, committed 72512K, reserved 1114112K
  class space    used 7788K, committed 8192K, reserved 1048576K
}
Event: 49.843 GC heap before
{Heap before GC invocations=44 (full 0):
 garbage-first heap   total 140288K, used 125952K [0x0000000084400000, 0x0000000100000000)
  region size 1024K, 43 young (44032K), 6 survivors (6144K)
 Metaspace       used 72945K, committed 73728K, reserved 1179648K
  class space    used 7888K, committed 8256K, reserved 1048576K
}
Event: 49.862 GC heap after
{Heap after GC invocations=45 (full 0):
 garbage-first heap   total 141312K, used 96663K [0x0000000084400000, 0x0000000100000000)
  region size 1024K, 6 young (6144K), 6 survivors (6144K)
 Metaspace       used 72945K, committed 73728K, reserved 1179648K
  class space    used 7888K, committed 8256K, reserved 1048576K
}
Event: 51.248 GC heap before
{Heap before GC invocations=46 (full 0):
 garbage-first heap   total 162816K, used 125335K [0x0000000084400000, 0x0000000100000000)
  region size 1024K, 34 young (34816K), 6 survivors (6144K)
 Metaspace       used 76946K, committed 77760K, reserved 1179648K
  class space    used 8285K, committed 8704K, reserved 1048576K
}
Event: 51.262 GC heap after
{Heap after GC invocations=47 (full 0):
 garbage-first heap   total 162816K, used 100116K [0x0000000084400000, 0x0000000100000000)
  region size 1024K, 3 young (3072K), 3 survivors (3072K)
 Metaspace       used 76946K, committed 77760K, reserved 1179648K
  class space    used 8285K, committed 8704K, reserved 1048576K
}
Event: 52.861 GC heap before
{Heap before GC invocations=47 (full 0):
 garbage-first heap   total 162816K, used 145172K [0x0000000084400000, 0x0000000100000000)
  region size 1024K, 47 young (48128K), 3 survivors (3072K)
 Metaspace       used 82950K, committed 83840K, reserved 1179648K
  class space    used 8829K, committed 9280K, reserved 1048576K
}
Event: 52.873 GC heap after
{Heap after GC invocations=48 (full 0):
 garbage-first heap   total 162816K, used 102816K [0x0000000084400000, 0x0000000100000000)
  region size 1024K, 6 young (6144K), 6 survivors (6144K)
 Metaspace       used 82950K, committed 83840K, reserved 1179648K
  class space    used 8829K, committed 9280K, reserved 1048576K
}
Event: 56.434 GC heap before
{Heap before GC invocations=48 (full 0):
 garbage-first heap   total 162816K, used 146848K [0x0000000084400000, 0x0000000100000000)
  region size 1024K, 49 young (50176K), 6 survivors (6144K)
 Metaspace       used 88779K, committed 89664K, reserved 1179648K
  class space    used 9259K, committed 9728K, reserved 1048576K
}
Event: 56.450 GC heap after
{Heap after GC invocations=49 (full 0):
 garbage-first heap   total 162816K, used 106241K [0x0000000084400000, 0x0000000100000000)
  region size 1024K, 3 young (3072K), 3 survivors (3072K)
 Metaspace       used 88779K, committed 89664K, reserved 1179648K
  class space    used 9259K, committed 9728K, reserved 1048576K
}
Event: 57.548 GC heap before
{Heap before GC invocations=50 (full 0):
 garbage-first heap   total 178176K, used 149249K [0x0000000084400000, 0x0000000100000000)
  region size 1024K, 45 young (46080K), 3 survivors (3072K)
 Metaspace       used 90020K, committed 90880K, reserved 1179648K
  class space    used 9300K, committed 9728K, reserved 1048576K
}
Event: 57.557 GC heap after
{Heap after GC invocations=51 (full 0):
 garbage-first heap   total 178176K, used 109313K [0x0000000084400000, 0x0000000100000000)
  region size 1024K, 6 young (6144K), 6 survivors (6144K)
 Metaspace       used 90020K, committed 90880K, reserved 1179648K
  class space    used 9300K, committed 9728K, reserved 1048576K
}
Event: 58.848 GC heap before
{Heap before GC invocations=51 (full 0):
 garbage-first heap   total 178176K, used 161537K [0x0000000084400000, 0x0000000100000000)
  region size 1024K, 57 young (58368K), 6 survivors (6144K)
 Metaspace       used 90351K, committed 91264K, reserved 1179648K
  class space    used 9307K, committed 9792K, reserved 1048576K
}
Event: 58.859 GC heap after
{Heap after GC invocations=52 (full 0):
 garbage-first heap   total 178176K, used 110259K [0x0000000084400000, 0x0000000100000000)
  region size 1024K, 7 young (7168K), 7 survivors (7168K)
 Metaspace       used 90351K, committed 91264K, reserved 1179648K
  class space    used 9307K, committed 9792K, reserved 1048576K
}
Event: 60.049 GC heap before
{Heap before GC invocations=52 (full 0):
 garbage-first heap   total 178176K, used 160435K [0x0000000084400000, 0x0000000100000000)
  region size 1024K, 56 young (57344K), 7 survivors (7168K)
 Metaspace       used 90598K, committed 91520K, reserved 1179648K
  class space    used 9316K, committed 9792K, reserved 1048576K
}
Event: 60.125 GC heap after
{Heap after GC invocations=53 (full 0):
 garbage-first heap   total 178176K, used 112428K [0x0000000084400000, 0x0000000100000000)
  region size 1024K, 6 young (6144K), 6 survivors (6144K)
 Metaspace       used 90598K, committed 91520K, reserved 1179648K
  class space    used 9316K, committed 9792K, reserved 1048576K
}

